tracker/build/intermediates/manifest_merge_blame_file/debug/processDebugManifest/manifest-merger-blame-debug-report.txt
1<?xml version="1.0" encoding="utf-8"?>
2<!--
3    Tracker library manifest.
4    These entries are AUTOMATICALLY MERGED into both :app (mobile) and :apptv (TV)
5    via Android's manifest merger — no need to re-declare them in each app module.
6-->
7<manifest xmlns:android="http://schemas.android.com/apk/res/android"
8    xmlns:tools="http://schemas.android.com/tools"
9    package="com.example.mytvxml.tracker" >
10
11    <uses-sdk android:minSdkVersion="21" />
11-->INJECTED
11-->INJECTED
12
13    <!-- Permissions required by the tracker services -->
14    <uses-permission android:name="android.permission.FOREGROUND_SERVICE" />
14-->src\main\AndroidManifest.xml:11:5-77
14-->src\main\AndroidManifest.xml:11:22-74
15    <uses-permission android:name="android.permission.FOREGROUND_SERVICE_SPECIAL_USE" />
15-->src\main\AndroidManifest.xml:12:5-89
15-->src\main\AndroidManifest.xml:12:22-86
16    <uses-permission android:name="android.permission.POST_NOTIFICATIONS" />
16-->src\main\AndroidManifest.xml:13:5-77
16-->src\main\AndroidManifest.xml:13:22-74
17    <uses-permission
17-->src\main\AndroidManifest.xml:14:5-16:47
18        android:name="android.permission.PACKAGE_USAGE_STATS"
18-->src\main\AndroidManifest.xml:15:9-62
19        tools:ignore="ProtectedPermissions" />
19-->src\main\AndroidManifest.xml:16:9-44
20
21    <!--
22        Android 11+ package visibility: required for MediaBrowserExplorer (Option 3)
23        to discover which installed apps expose a MediaBrowserService.
24        Merged into consuming app automatically.
25    -->
26    <queries>
26-->src\main\AndroidManifest.xml:23:5-27:15
27        <intent>
27-->src\main\AndroidManifest.xml:24:9-26:18
28            <action android:name="android.media.browse.MediaBrowserService" />
28-->src\main\AndroidManifest.xml:25:13-79
28-->src\main\AndroidManifest.xml:25:21-76
29        </intent>
30    </queries>
31
32    <application>
32-->src\main\AndroidManifest.xml:29:5-59:19
33
34        <!--
35            MediaTrackerService — foreground service that reads MediaSessions
36            and runs the 3-option TRP tracking strategy.
37            Started/stopped from the host app's UI.
38        -->
39        <service
39-->src\main\AndroidManifest.xml:36:9-43:19
40            android:name="com.example.mytvxml.service.MediaTrackerService"
40-->src\main\AndroidManifest.xml:37:13-75
41            android:exported="false"
41-->src\main\AndroidManifest.xml:38:13-37
42            android:foregroundServiceType="specialUse" >
42-->src\main\AndroidManifest.xml:39:13-55
43            <property
43-->src\main\AndroidManifest.xml:40:13-42:64
44                android:name="android.app.PROPERTY_SPECIAL_USE_FGS_SUBTYPE"
44-->src\main\AndroidManifest.xml:41:17-76
45                android:value="TRP media analytics tracking" />
45-->src\main\AndroidManifest.xml:42:17-61
46        </service>
47
48        <!--
49            TrpNotificationListenerService — Option 1 (primary) and Option 2 (token extraction).
50            User enables in: Settings → Special App Access → Notification Access.
51            Without this enabled, the tracker falls back to MEDIA_CONTENT_CONTROL (ADB).
52        -->
53        <service
53-->src\main\AndroidManifest.xml:50:9-57:19
54            android:name="com.example.mytvxml.service.TrpNotificationListenerService"
54-->src\main\AndroidManifest.xml:51:13-86
55            android:exported="true"
55-->src\main\AndroidManifest.xml:52:13-36
56            android:permission="android.permission.BIND_NOTIFICATION_LISTENER_SERVICE" >
56-->src\main\AndroidManifest.xml:53:13-87
57            <intent-filter>
57-->src\main\AndroidManifest.xml:54:13-56:29
58                <action android:name="android.service.notification.NotificationListenerService" />
58-->src\main\AndroidManifest.xml:55:17-99
58-->src\main\AndroidManifest.xml:55:25-96
59            </intent-filter>
60        </service>
61    </application>
62
63</manifest>